<?xml version="1.0" encoding="UTF-8"?>
<!-- Generated by org.testng.reporters.JUnitReportReporter -->
<testsuite hostname="Megaya" failures="0" tests="1" name="first_Examples.FirstTry" time="0.012" errors="0" timestamp="2024-02-22T16:58:52 IST" skipped="0">
  <testcase classname="first_Examples.FirstTry" name="login" time="0.012"/>
  <system-out/>
</testsuite> <!-- first_Examples.FirstTry -->
